  GKiW_project.cpp
D:\GKiW\GKiW_project\GKiW_project.cpp(175,37): warning C4244: "+=": konwersja z "double" do "float", możliwa utrata danych
D:\GKiW\GKiW_project\GKiW_project.cpp(176,37): warning C4244: "+=": konwersja z "double" do "float", możliwa utrata danych
  lodepng.cpp
D:\GKiW\GKiW_project\other_files\lodepng.cpp(762,34): warning C4334: "<<": wynik 32-bitowe przesunięcia niejawnie skonwertowano do 64 bitów (czy 64-bitowe przesunięcie było zamierzone?)
D:\GKiW\GKiW_project\other_files\lodepng.cpp(1422,29): warning C4267: "=": konwersja z "size_t" do "int", możliwa utrata danych
D:\GKiW\GKiW_project\other_files\lodepng.cpp(1426,31): warning C4267: "=": konwersja z "size_t" do "int", możliwa utrata danych
D:\GKiW\GKiW_project\other_files\lodepng.cpp(1498,86): warning C4267: "=": konwersja z "size_t" do "unsigned int", możliwa utrata danych
D:\GKiW\GKiW_project\other_files\lodepng.cpp(3441,46): warning C4334: "<<": wynik 32-bitowe przesunięcia niejawnie skonwertowano do 64 bitów (czy 64-bitowe przesunięcie było zamierzone?)
D:\GKiW\GKiW_project\other_files\lodepng.cpp(3455,54): warning C4267: "argument": konwersja z "size_t" do "unsigned int", możliwa utrata danych
D:\GKiW\GKiW_project\other_files\lodepng.cpp(4262,75): warning C4267: "=": konwersja z "size_t" do "unsigned int", możliwa utrata danych
D:\GKiW\GKiW_project\other_files\lodepng.cpp(4310,41): warning C4267: "=": konwersja z "size_t" do "unsigned int", możliwa utrata danych
D:\GKiW\GKiW_project\other_files\lodepng.cpp(4390,59): warning C4267: "=": konwersja z "size_t" do "unsigned int", możliwa utrata danych
D:\GKiW\GKiW_project\other_files\lodepng.cpp(5329,38): warning C4267: "inicjowanie": konwersja z "size_t" do "unsigned int", możliwa utrata danych
  shaderprogram.cpp
D:\GKiW\GKiW_project\shader_program\shaderprogram.cpp(38,48): warning C4267: "inicjowanie": konwersja z "size_t" do "int", możliwa utrata danych
  Trwa generowanie kodu
  195 of 204 functions (95.6%) were compiled, the rest were copied from previous compilation.
    1 functions were new in current compilation
    2 functions had inline decision re-evaluated but remain unchanged
  Zakończono generowanie kodu
  GKiW_project.vcxproj -> D:\GKiW\GKiW_project\x64\Release\GKiW_project.exe
